2014/09/03 16:45:04 [error] [exception.CHttpException.404] exception 'CHttpException' with message 'Unable to resolve the request "create".' in /usr/share/nginx/html/yii/framework/web/CWebApplication.php:286
Stack trace:
#0 /usr/share/nginx/html/yii/framework/web/CWebApplication.php(141): CWebApplication->runController('create')
#1 /usr/share/nginx/html/yii/framework/base/CApplication.php(180): CWebApplication->processRequest()
#2 /usr/share/nginx/html/blog2/index.php(13): CApplication->run()
#3 {main}
REQUEST_URI=/blog2/index.php?r=create
---
2014/09/03 16:47:26 [error] [exception.CHttpException.404] exception 'CHttpException' with message 'Unable to resolve the request "gii".' in /usr/share/nginx/html/yii/framework/web/CWebApplication.php:286
Stack trace:
#0 /usr/share/nginx/html/yii/framework/web/CWebApplication.php(141): CWebApplication->runController('gii')
#1 /usr/share/nginx/html/yii/framework/base/CApplication.php(180): CWebApplication->processRequest()
#2 /usr/share/nginx/html/blog2/index.php(13): CApplication->run()
#3 {main}
REQUEST_URI=/blog2/index.php?r=gii
---
2014/09/04 10:49:26 [error] [exception.CException] exception 'CException' with message 'Tag and its behaviors do not have a method or closure named "updateFrequency".' in /usr/share/nginx/html/yii/framework/base/CComponent.php:266
Stack trace:
#0 /usr/share/nginx/html/yii/framework/db/ar/CActiveRecord.php(227): CComponent->__call('updateFrequency', Array)
#1 /usr/share/nginx/html/blog2/protected/models/Post.php(168): CActiveRecord->__call('updateFrequency', Array)
#2 /usr/share/nginx/html/blog2/protected/models/Post.php(168): Tag->updateFrequency(NULL, 'squats, back')
#3 /usr/share/nginx/html/yii/framework/db/ar/CActiveRecord.php(1097): Post->afterSave()
#4 /usr/share/nginx/html/yii/framework/db/ar/CActiveRecord.php(806): CActiveRecord->insert(NULL)
#5 /usr/share/nginx/html/blog2/protected/controllers/PostController.php(69): CActiveRecord->save()
#6 /usr/share/nginx/html/yii/framework/web/actions/CInlineAction.php(49): PostController->actionCreate()
#7 /usr/share/nginx/html/yii/framework/web/CController.php(308): CInlineAction->runWithParams(Array)
#8 /usr/share/nginx/html/yii/framework/web/filters/CFilterChain.php(133): CController->runAction(Object(CInlineAction))
#9 /usr/share/nginx/html/yii/framework/web/filters/CFilter.php(40): CFilterChain->run()
#10 /usr/share/nginx/html/yii/framework/web/CController.php(1145): CFilter->filter(Object(CFilterChain))
#11 /usr/share/nginx/html/yii/framework/web/filters/CInlineFilter.php(58): CController->filterAccessControl(Object(CFilterChain))
#12 /usr/share/nginx/html/yii/framework/web/filters/CFilterChain.php(130): CInlineFilter->filter(Object(CFilterChain))
#13 /usr/share/nginx/html/yii/framework/web/CController.php(291): CFilterChain->run()
#14 /usr/share/nginx/html/yii/framework/web/CController.php(265): CController->runActionWithFilters(Object(CInlineAction), Array)
#15 /usr/share/nginx/html/yii/framework/web/CWebApplication.php(282): CController->run('create')
#16 /usr/share/nginx/html/yii/framework/web/CWebApplication.php(141): CWebApplication->runController('post/create')
#17 /usr/share/nginx/html/yii/framework/base/CApplication.php(180): CWebApplication->processRequest()
#18 /usr/share/nginx/html/blog2/index.php(13): CApplication->run()
#19 {main}
REQUEST_URI=/blog2/index.php?r=post/create
HTTP_REFERER=http://localhost/blog2/index.php?r=post/create
---
2014/09/04 11:39:58 [error] [exception.CException] exception 'CException' with message 'Tag and its behaviors do not have a method or closure named "updateFrequency".' in /usr/share/nginx/html/yii/framework/base/CComponent.php:266
Stack trace:
#0 /usr/share/nginx/html/yii/framework/db/ar/CActiveRecord.php(227): CComponent->__call('updateFrequency', Array)
#1 /usr/share/nginx/html/blog2/protected/models/Post.php(168): CActiveRecord->__call('updateFrequency', Array)
#2 /usr/share/nginx/html/blog2/protected/models/Post.php(168): Tag->updateFrequency(NULL, 'squat, legs')
#3 /usr/share/nginx/html/yii/framework/db/ar/CActiveRecord.php(1097): Post->afterSave()
#4 /usr/share/nginx/html/yii/framework/db/ar/CActiveRecord.php(806): CActiveRecord->insert(NULL)
#5 /usr/share/nginx/html/blog2/protected/controllers/PostController.php(71): CActiveRecord->save()
#6 /usr/share/nginx/html/yii/framework/web/actions/CInlineAction.php(49): PostController->actionCreate()
#7 /usr/share/nginx/html/yii/framework/web/CController.php(308): CInlineAction->runWithParams(Array)
#8 /usr/share/nginx/html/yii/framework/web/filters/CFilterChain.php(133): CController->runAction(Object(CInlineAction))
#9 /usr/share/nginx/html/yii/framework/web/filters/CFilter.php(40): CFilterChain->run()
#10 /usr/share/nginx/html/yii/framework/web/CController.php(1145): CFilter->filter(Object(CFilterChain))
#11 /usr/share/nginx/html/yii/framework/web/filters/CInlineFilter.php(58): CController->filterAccessControl(Object(CFilterChain))
#12 /usr/share/nginx/html/yii/framework/web/filters/CFilterChain.php(130): CInlineFilter->filter(Object(CFilterChain))
#13 /usr/share/nginx/html/yii/framework/web/CController.php(291): CFilterChain->run()
#14 /usr/share/nginx/html/yii/framework/web/CController.php(265): CController->runActionWithFilters(Object(CInlineAction), Array)
#15 /usr/share/nginx/html/yii/framework/web/CWebApplication.php(282): CController->run('create')
#16 /usr/share/nginx/html/yii/framework/web/CWebApplication.php(141): CWebApplication->runController('post/create')
#17 /usr/share/nginx/html/yii/framework/base/CApplication.php(180): CWebApplication->processRequest()
#18 /usr/share/nginx/html/blog2/index.php(13): CApplication->run()
#19 {main}
REQUEST_URI=/blog2/index.php?r=post/create
HTTP_REFERER=http://localhost/blog2/index.php?r=post/create
---
2014/09/04 11:41:23 [error] [exception.CException] exception 'CException' with message 'Tag and its behaviors do not have a method or closure named "addTags".' in /usr/share/nginx/html/yii/framework/base/CComponent.php:266
Stack trace:
#0 /usr/share/nginx/html/yii/framework/db/ar/CActiveRecord.php(227): CComponent->__call('addTags', Array)
#1 /usr/share/nginx/html/blog2/protected/models/Tag.php(115): CActiveRecord->__call('addTags', Array)
#2 /usr/share/nginx/html/blog2/protected/models/Tag.php(115): Tag->addTags(Array)
#3 /usr/share/nginx/html/blog2/protected/models/Post.php(168): Tag->updateFrequency(NULL, 'squat, legs')
#4 /usr/share/nginx/html/yii/framework/db/ar/CActiveRecord.php(1097): Post->afterSave()
#5 /usr/share/nginx/html/yii/framework/db/ar/CActiveRecord.php(806): CActiveRecord->insert(NULL)
#6 /usr/share/nginx/html/blog2/protected/controllers/PostController.php(71): CActiveRecord->save()
#7 /usr/share/nginx/html/yii/framework/web/actions/CInlineAction.php(49): PostController->actionCreate()
#8 /usr/share/nginx/html/yii/framework/web/CController.php(308): CInlineAction->runWithParams(Array)
#9 /usr/share/nginx/html/yii/framework/web/filters/CFilterChain.php(133): CController->runAction(Object(CInlineAction))
#10 /usr/share/nginx/html/yii/framework/web/filters/CFilter.php(40): CFilterChain->run()
#11 /usr/share/nginx/html/yii/framework/web/CController.php(1145): CFilter->filter(Object(CFilterChain))
#12 /usr/share/nginx/html/yii/framework/web/filters/CInlineFilter.php(58): CController->filterAccessControl(Object(CFilterChain))
#13 /usr/share/nginx/html/yii/framework/web/filters/CFilterChain.php(130): CInlineFilter->filter(Object(CFilterChain))
#14 /usr/share/nginx/html/yii/framework/web/CController.php(291): CFilterChain->run()
#15 /usr/share/nginx/html/yii/framework/web/CController.php(265): CController->runActionWithFilters(Object(CInlineAction), Array)
#16 /usr/share/nginx/html/yii/framework/web/CWebApplication.php(282): CController->run('create')
#17 /usr/share/nginx/html/yii/framework/web/CWebApplication.php(141): CWebApplication->runController('post/create')
#18 /usr/share/nginx/html/yii/framework/base/CApplication.php(180): CWebApplication->processRequest()
#19 /usr/share/nginx/html/blog2/index.php(13): CApplication->run()
#20 {main}
REQUEST_URI=/blog2/index.php?r=post/create
HTTP_REFERER=http://localhost/blog2/index.php?r=post/create
---
2014/09/04 11:41:41 [error] [exception.CException] exception 'CException' with message 'Tag and its behaviors do not have a method or closure named "removeTags".' in /usr/share/nginx/html/yii/framework/base/CComponent.php:266
Stack trace:
#0 /usr/share/nginx/html/yii/framework/db/ar/CActiveRecord.php(227): CComponent->__call('removeTags', Array)
#1 /usr/share/nginx/html/blog2/protected/models/Tag.php(116): CActiveRecord->__call('removeTags', Array)
#2 /usr/share/nginx/html/blog2/protected/models/Tag.php(116): Tag->removeTags(Array)
#3 /usr/share/nginx/html/blog2/protected/models/Post.php(168): Tag->updateFrequency(NULL, 'squat, legs')
#4 /usr/share/nginx/html/yii/framework/db/ar/CActiveRecord.php(1097): Post->afterSave()
#5 /usr/share/nginx/html/yii/framework/db/ar/CActiveRecord.php(806): CActiveRecord->insert(NULL)
#6 /usr/share/nginx/html/blog2/protected/controllers/PostController.php(71): CActiveRecord->save()
#7 /usr/share/nginx/html/yii/framework/web/actions/CInlineAction.php(49): PostController->actionCreate()
#8 /usr/share/nginx/html/yii/framework/web/CController.php(308): CInlineAction->runWithParams(Array)
#9 /usr/share/nginx/html/yii/framework/web/filters/CFilterChain.php(133): CController->runAction(Object(CInlineAction))
#10 /usr/share/nginx/html/yii/framework/web/filters/CFilter.php(40): CFilterChain->run()
#11 /usr/share/nginx/html/yii/framework/web/CController.php(1145): CFilter->filter(Object(CFilterChain))
#12 /usr/share/nginx/html/yii/framework/web/filters/CInlineFilter.php(58): CController->filterAccessControl(Object(CFilterChain))
#13 /usr/share/nginx/html/yii/framework/web/filters/CFilterChain.php(130): CInlineFilter->filter(Object(CFilterChain))
#14 /usr/share/nginx/html/yii/framework/web/CController.php(291): CFilterChain->run()
#15 /usr/share/nginx/html/yii/framework/web/CController.php(265): CController->runActionWithFilters(Object(CInlineAction), Array)
#16 /usr/share/nginx/html/yii/framework/web/CWebApplication.php(282): CController->run('create')
#17 /usr/share/nginx/html/yii/framework/web/CWebApplication.php(141): CWebApplication->runController('post/create')
#18 /usr/share/nginx/html/yii/framework/base/CApplication.php(180): CWebApplication->processRequest()
#19 /usr/share/nginx/html/blog2/index.php(13): CApplication->run()
#20 {main}
REQUEST_URI=/blog2/index.php?r=post/create
HTTP_REFERER=http://localhost/blog2/index.php?r=post/create
---
2014/09/04 12:13:17 [warning] [application] Failed to set unsafe attribute "status" of "Comment".
in /usr/share/nginx/html/blog2/protected/controllers/PostController.php (69)
in /usr/share/nginx/html/blog2/protected/controllers/PostController.php (52)
in /usr/share/nginx/html/blog2/index.php (13)
2014/09/04 12:13:17 [warning] [application] Failed to set unsafe attribute "create_time" of "Comment".
in /usr/share/nginx/html/blog2/protected/controllers/PostController.php (69)
in /usr/share/nginx/html/blog2/protected/controllers/PostController.php (52)
in /usr/share/nginx/html/blog2/index.php (13)
2014/09/04 12:13:17 [warning] [application] Failed to set unsafe attribute "post_id" of "Comment".
in /usr/share/nginx/html/blog2/protected/controllers/PostController.php (69)
in /usr/share/nginx/html/blog2/protected/controllers/PostController.php (52)
in /usr/share/nginx/html/blog2/index.php (13)
2014/09/04 12:13:17 [warning] [application] Failed to set unsafe attribute "status" of "Comment".
in /usr/share/nginx/html/blog2/protected/controllers/PostController.php (69)
in /usr/share/nginx/html/blog2/protected/controllers/PostController.php (52)
in /usr/share/nginx/html/blog2/index.php (13)
2014/09/04 12:13:17 [warning] [application] Failed to set unsafe attribute "create_time" of "Comment".
in /usr/share/nginx/html/blog2/protected/controllers/PostController.php (69)
in /usr/share/nginx/html/blog2/protected/controllers/PostController.php (52)
in /usr/share/nginx/html/blog2/index.php (13)
2014/09/04 12:13:17 [warning] [application] Failed to set unsafe attribute "post_id" of "Comment".
in /usr/share/nginx/html/blog2/protected/controllers/PostController.php (69)
in /usr/share/nginx/html/blog2/protected/controllers/PostController.php (52)
in /usr/share/nginx/html/blog2/index.php (13)
2014/09/04 12:16:16 [error] [exception.CException] exception 'CException' with message 'PostController cannot find the requested view "_comments".' in /usr/share/nginx/html/yii/framework/web/CController.php:878
Stack trace:
#0 /usr/share/nginx/html/blog2/protected/views/post/view.php(44): CController->renderPartial('_comments', Array)
#1 /usr/share/nginx/html/yii/framework/web/CBaseController.php(126): require('/usr/share/ngin...')
#2 /usr/share/nginx/html/yii/framework/web/CBaseController.php(95): CBaseController->renderInternal('/usr/share/ngin...', Array, true)
#3 /usr/share/nginx/html/yii/framework/web/CController.php(869): CBaseController->renderFile('/usr/share/ngin...', Array, true)
#4 /usr/share/nginx/html/yii/framework/web/CController.php(782): CController->renderPartial('view', Array, true)
#5 /usr/share/nginx/html/blog2/protected/controllers/PostController.php(57): CController->render('view', Array)
#6 /usr/share/nginx/html/yii/framework/web/actions/CInlineAction.php(49): PostController->actionView()
#7 /usr/share/nginx/html/yii/framework/web/CController.php(308): CInlineAction->runWithParams(Array)
#8 /usr/share/nginx/html/yii/framework/web/filters/CFilterChain.php(133): CController->runAction(Object(CInlineAction))
#9 /usr/share/nginx/html/yii/framework/web/filters/CFilter.php(40): CFilterChain->run()
#10 /usr/share/nginx/html/yii/framework/web/CController.php(1145): CFilter->filter(Object(CFilterChain))
#11 /usr/share/nginx/html/yii/framework/web/filters/CInlineFilter.php(58): CController->filterAccessControl(Object(CFilterChain))
#12 /usr/share/nginx/html/yii/framework/web/filters/CFilterChain.php(130): CInlineFilter->filter(Object(CFilterChain))
#13 /usr/share/nginx/html/yii/framework/web/CController.php(291): CFilterChain->run()
#14 /usr/share/nginx/html/yii/framework/web/CController.php(265): CController->runActionWithFilters(Object(CInlineAction), Array)
#15 /usr/share/nginx/html/yii/framework/web/CWebApplication.php(282): CController->run('view')
#16 /usr/share/nginx/html/yii/framework/web/CWebApplication.php(141): CWebApplication->runController('post/view')
#17 /usr/share/nginx/html/yii/framework/base/CApplication.php(180): CWebApplication->processRequest()
#18 /usr/share/nginx/html/blog2/index.php(13): CApplication->run()
#19 {main}
REQUEST_URI=/blog2/index.php?r=post/view&id=7
HTTP_REFERER=http://localhost/blog2/index.php?r=post/view&id=7
---
2014/09/04 12:16:31 [error] [php] include(TblPost.php): failed to open stream: No such file or directory (/usr/share/nginx/html/yii/framework/YiiBase.php:427)
Stack trace:
#0 /usr/share/nginx/html/yii/framework/db/ar/CActiveRecord.php(395): spl_autoload_call()
#1 /usr/share/nginx/html/yii/framework/db/ar/CActiveFinder.php(182): model()
#2 /usr/share/nginx/html/yii/framework/db/ar/CActiveFinder.php(230): CActiveFinder->getModel()
#3 /usr/share/nginx/html/yii/framework/db/ar/CActiveFinder.php(48): CActiveFinder->buildJoinTree()
#4 /usr/share/nginx/html/yii/framework/db/ar/CActiveRecord.php(909): CActiveFinder->__construct()
#5 /usr/share/nginx/html/yii/framework/db/ar/CActiveRecord.php(1604): Comment->getActiveFinder()
#6 /usr/share/nginx/html/yii/framework/web/CActiveDataProvider.php(228): Comment->count()
#7 /usr/share/nginx/html/yii/framework/web/CDataProvider.php(224): CActiveDataProvider->calculateTotalItemCount()
#8 /usr/share/nginx/html/yii/framework/web/CActiveDataProvider.php(178): CActiveDataProvider->getTotalItemCount()
#9 /usr/share/nginx/html/yii/framework/web/CDataProvider.php(168): CActiveDataProvider->fetchData()
#10 /usr/share/nginx/html/yii/framework/zii/widgets/CBaseListView.php(111): CActiveDataProvider->getData()
#11 /usr/share/nginx/html/yii/framework/zii/widgets/CListView.php(211): CListView->init()
#12 /usr/share/nginx/html/yii/framework/web/CBaseController.php(147): CListView->init()
#13 /usr/share/nginx/html/yii/framework/web/CBaseController.php(172): CommentController->createWidget()
#14 /usr/share/nginx/html/blog2/protected/views/comment/index.php(20): CommentController->widget()
#15 /usr/share/nginx/html/yii/framework/web/CBaseController.php(126): require()
#16 /usr/share/nginx/html/yii/framework/web/CBaseController.php(95): CommentController->renderInternal()
#17 /usr/share/nginx/html/yii/framework/web/CController.php(869): CommentController->renderFile()
#18 /usr/share/nginx/html/yii/framework/web/CController.php(782): CommentController->renderPartial()
#19 /usr/share/nginx/html/blog2/protected/controllers/CommentController.php(135): CommentController->render()
#20 /usr/share/nginx/html/yii/framework/web/actions/CInlineAction.php(49): CommentController->actionIndex()
#21 /usr/share/nginx/html/yii/framework/web/CController.php(308): CInlineAction->runWithParams()
#22 /usr/share/nginx/html/yii/framework/web/filters/CFilterChain.php(133): CommentController->runAction()
#23 /usr/share/nginx/html/yii/framework/web/filters/CFilter.php(40): CFilterChain->run()
#24 /usr/share/nginx/html/yii/framework/web/CController.php(1145): CAccessControlFilter->filter()
#25 /usr/share/nginx/html/yii/framework/web/filters/CInlineFilter.php(58): CommentController->filterAccessControl()
#26 /usr/share/nginx/html/yii/framework/web/filters/CFilterChain.php(130): CInlineFilter->filter()
#27 /usr/share/nginx/html/yii/framework/web/CController.php(291): CFilterChain->run()
#28 /usr/share/nginx/html/yii/framework/web/CController.php(265): CommentController->runActionWithFilters()
#29 /usr/share/nginx/html/yii/framework/web/CWebApplication.php(282): CommentController->run()
#30 /usr/share/nginx/html/yii/framework/web/CWebApplication.php(141): CWebApplication->runController()
#31 /usr/share/nginx/html/yii/framework/base/CApplication.php(180): CWebApplication->processRequest()
#32 /usr/share/nginx/html/blog2/index.php(13): CWebApplication->run()
REQUEST_URI=/blog2/index.php?r=comment
in /usr/share/nginx/html/blog2/protected/views/comment/index.php (20)
in /usr/share/nginx/html/blog2/protected/controllers/CommentController.php (135)
in /usr/share/nginx/html/blog2/index.php (13)
2014/09/04 12:16:35 [error] [php] include(TblPost.php): failed to open stream: No such file or directory (/usr/share/nginx/html/yii/framework/YiiBase.php:427)
Stack trace:
#0 /usr/share/nginx/html/yii/framework/db/ar/CActiveRecord.php(395): spl_autoload_call()
#1 /usr/share/nginx/html/yii/framework/db/ar/CActiveFinder.php(182): model()
#2 /usr/share/nginx/html/yii/framework/db/ar/CActiveFinder.php(230): CActiveFinder->getModel()
#3 /usr/share/nginx/html/yii/framework/db/ar/CActiveFinder.php(48): CActiveFinder->buildJoinTree()
#4 /usr/share/nginx/html/yii/framework/db/ar/CActiveRecord.php(909): CActiveFinder->__construct()
#5 /usr/share/nginx/html/yii/framework/db/ar/CActiveRecord.php(1604): Comment->getActiveFinder()
#6 /usr/share/nginx/html/yii/framework/web/CActiveDataProvider.php(228): Comment->count()
#7 /usr/share/nginx/html/yii/framework/web/CDataProvider.php(224): CActiveDataProvider->calculateTotalItemCount()
#8 /usr/share/nginx/html/yii/framework/web/CActiveDataProvider.php(178): CActiveDataProvider->getTotalItemCount()
#9 /usr/share/nginx/html/yii/framework/web/CDataProvider.php(168): CActiveDataProvider->fetchData()
#10 /usr/share/nginx/html/yii/framework/zii/widgets/CBaseListView.php(111): CActiveDataProvider->getData()
#11 /usr/share/nginx/html/yii/framework/zii/widgets/CListView.php(211): CListView->init()
#12 /usr/share/nginx/html/yii/framework/web/CBaseController.php(147): CListView->init()
#13 /usr/share/nginx/html/yii/framework/web/CBaseController.php(172): CommentController->createWidget()
#14 /usr/share/nginx/html/blog2/protected/views/comment/index.php(20): CommentController->widget()
#15 /usr/share/nginx/html/yii/framework/web/CBaseController.php(126): require()
#16 /usr/share/nginx/html/yii/framework/web/CBaseController.php(95): CommentController->renderInternal()
#17 /usr/share/nginx/html/yii/framework/web/CController.php(869): CommentController->renderFile()
#18 /usr/share/nginx/html/yii/framework/web/CController.php(782): CommentController->renderPartial()
#19 /usr/share/nginx/html/blog2/protected/controllers/CommentController.php(135): CommentController->render()
#20 /usr/share/nginx/html/yii/framework/web/actions/CInlineAction.php(49): CommentController->actionIndex()
#21 /usr/share/nginx/html/yii/framework/web/CController.php(308): CInlineAction->runWithParams()
#22 /usr/share/nginx/html/yii/framework/web/filters/CFilterChain.php(133): CommentController->runAction()
#23 /usr/share/nginx/html/yii/framework/web/filters/CFilter.php(40): CFilterChain->run()
#24 /usr/share/nginx/html/yii/framework/web/CController.php(1145): CAccessControlFilter->filter()
#25 /usr/share/nginx/html/yii/framework/web/filters/CInlineFilter.php(58): CommentController->filterAccessControl()
#26 /usr/share/nginx/html/yii/framework/web/filters/CFilterChain.php(130): CInlineFilter->filter()
#27 /usr/share/nginx/html/yii/framework/web/CController.php(291): CFilterChain->run()
#28 /usr/share/nginx/html/yii/framework/web/CController.php(265): CommentController->runActionWithFilters()
#29 /usr/share/nginx/html/yii/framework/web/CWebApplication.php(282): CommentController->run()
#30 /usr/share/nginx/html/yii/framework/web/CWebApplication.php(141): CWebApplication->runController()
#31 /usr/share/nginx/html/yii/framework/base/CApplication.php(180): CWebApplication->processRequest()
#32 /usr/share/nginx/html/blog2/index.php(13): CWebApplication->run()
REQUEST_URI=/blog2/index.php?r=comment
in /usr/share/nginx/html/blog2/protected/views/comment/index.php (20)
in /usr/share/nginx/html/blog2/protected/controllers/CommentController.php (135)
in /usr/share/nginx/html/blog2/index.php (13)
2014/09/04 12:16:42 [error] [exception.CHttpException.404] exception 'CHttpException' with message 'Unable to resolve the request "comments".' in /usr/share/nginx/html/yii/framework/web/CWebApplication.php:286
Stack trace:
#0 /usr/share/nginx/html/yii/framework/web/CWebApplication.php(141): CWebApplication->runController('comments')
#1 /usr/share/nginx/html/yii/framework/base/CApplication.php(180): CWebApplication->processRequest()
#2 /usr/share/nginx/html/blog2/index.php(13): CApplication->run()
#3 {main}
REQUEST_URI=/blog2/index.php?r=comments
---
2014/09/04 12:16:46 [error] [php] include(TblPost.php): failed to open stream: No such file or directory (/usr/share/nginx/html/yii/framework/YiiBase.php:427)
Stack trace:
#0 /usr/share/nginx/html/yii/framework/db/ar/CActiveRecord.php(395): spl_autoload_call()
#1 /usr/share/nginx/html/yii/framework/db/ar/CActiveFinder.php(182): model()
#2 /usr/share/nginx/html/yii/framework/db/ar/CActiveFinder.php(230): CActiveFinder->getModel()
#3 /usr/share/nginx/html/yii/framework/db/ar/CActiveFinder.php(48): CActiveFinder->buildJoinTree()
#4 /usr/share/nginx/html/yii/framework/db/ar/CActiveRecord.php(909): CActiveFinder->__construct()
#5 /usr/share/nginx/html/yii/framework/db/ar/CActiveRecord.php(1604): Comment->getActiveFinder()
#6 /usr/share/nginx/html/yii/framework/web/CActiveDataProvider.php(228): Comment->count()
#7 /usr/share/nginx/html/yii/framework/web/CDataProvider.php(224): CActiveDataProvider->calculateTotalItemCount()
#8 /usr/share/nginx/html/yii/framework/web/CActiveDataProvider.php(178): CActiveDataProvider->getTotalItemCount()
#9 /usr/share/nginx/html/yii/framework/web/CDataProvider.php(168): CActiveDataProvider->fetchData()
#10 /usr/share/nginx/html/yii/framework/zii/widgets/CBaseListView.php(111): CActiveDataProvider->getData()
#11 /usr/share/nginx/html/yii/framework/zii/widgets/CListView.php(211): CListView->init()
#12 /usr/share/nginx/html/yii/framework/web/CBaseController.php(147): CListView->init()
#13 /usr/share/nginx/html/yii/framework/web/CBaseController.php(172): CommentController->createWidget()
#14 /usr/share/nginx/html/blog2/protected/views/comment/index.php(20): CommentController->widget()
#15 /usr/share/nginx/html/yii/framework/web/CBaseController.php(126): require()
#16 /usr/share/nginx/html/yii/framework/web/CBaseController.php(95): CommentController->renderInternal()
#17 /usr/share/nginx/html/yii/framework/web/CController.php(869): CommentController->renderFile()
#18 /usr/share/nginx/html/yii/framework/web/CController.php(782): CommentController->renderPartial()
#19 /usr/share/nginx/html/blog2/protected/controllers/CommentController.php(135): CommentController->render()
#20 /usr/share/nginx/html/yii/framework/web/actions/CInlineAction.php(49): CommentController->actionIndex()
#21 /usr/share/nginx/html/yii/framework/web/CController.php(308): CInlineAction->runWithParams()
#22 /usr/share/nginx/html/yii/framework/web/filters/CFilterChain.php(133): CommentController->runAction()
#23 /usr/share/nginx/html/yii/framework/web/filters/CFilter.php(40): CFilterChain->run()
#24 /usr/share/nginx/html/yii/framework/web/CController.php(1145): CAccessControlFilter->filter()
#25 /usr/share/nginx/html/yii/framework/web/filters/CInlineFilter.php(58): CommentController->filterAccessControl()
#26 /usr/share/nginx/html/yii/framework/web/filters/CFilterChain.php(130): CInlineFilter->filter()
#27 /usr/share/nginx/html/yii/framework/web/CController.php(291): CFilterChain->run()
#28 /usr/share/nginx/html/yii/framework/web/CController.php(265): CommentController->runActionWithFilters()
#29 /usr/share/nginx/html/yii/framework/web/CWebApplication.php(282): CommentController->run()
#30 /usr/share/nginx/html/yii/framework/web/CWebApplication.php(141): CWebApplication->runController()
#31 /usr/share/nginx/html/yii/framework/base/CApplication.php(180): CWebApplication->processRequest()
#32 /usr/share/nginx/html/blog2/index.php(13): CWebApplication->run()
REQUEST_URI=/blog2/index.php?r=comment
in /usr/share/nginx/html/blog2/protected/views/comment/index.php (20)
in /usr/share/nginx/html/blog2/protected/controllers/CommentController.php (135)
in /usr/share/nginx/html/blog2/index.php (13)
2014/09/04 12:18:12 [error] [system.db.CDbCommand] CDbCommand::execute() failed: SQLSTATE[HY000]: General error: 1364 Field 'status' doesn't have a default value. The SQL statement executed was: INSERT INTO `tbl_comment` (`content`, `author`, `email`, `create_time`) VALUES (:yp0, :yp1, :yp2, :yp3).
in /usr/share/nginx/html/blog2/protected/controllers/CommentController.php (73)
in /usr/share/nginx/html/blog2/index.php (13)
2014/09/04 12:18:12 [error] [exception.CDbException] exception 'CDbException' with message 'CDbCommand failed to execute the SQL statement: SQLSTATE[HY000]: General error: 1364 Field 'status' doesn't have a default value. The SQL statement executed was: INSERT INTO `tbl_comment` (`content`, `author`, `email`, `create_time`) VALUES (:yp0, :yp1, :yp2, :yp3)' in /usr/share/nginx/html/yii/framework/db/CDbCommand.php:358
Stack trace:
#0 /usr/share/nginx/html/yii/framework/db/ar/CActiveRecord.php(1077): CDbCommand->execute()
#1 /usr/share/nginx/html/yii/framework/db/ar/CActiveRecord.php(806): CActiveRecord->insert(NULL)
#2 /usr/share/nginx/html/blog2/protected/controllers/CommentController.php(73): CActiveRecord->save()
#3 /usr/share/nginx/html/yii/framework/web/actions/CInlineAction.php(49): CommentController->actionCreate()
#4 /usr/share/nginx/html/yii/framework/web/CController.php(308): CInlineAction->runWithParams(Array)
#5 /usr/share/nginx/html/yii/framework/web/filters/CFilterChain.php(133): CController->runAction(Object(CInlineAction))
#6 /usr/share/nginx/html/yii/framework/web/filters/CFilter.php(40): CFilterChain->run()
#7 /usr/share/nginx/html/yii/framework/web/CController.php(1145): CFilter->filter(Object(CFilterChain))
#8 /usr/share/nginx/html/yii/framework/web/filters/CInlineFilter.php(58): CController->filterAccessControl(Object(CFilterChain))
#9 /usr/share/nginx/html/yii/framework/web/filters/CFilterChain.php(130): CInlineFilter->filter(Object(CFilterChain))
#10 /usr/share/nginx/html/yii/framework/web/CController.php(291): CFilterChain->run()
#11 /usr/share/nginx/html/yii/framework/web/CController.php(265): CController->runActionWithFilters(Object(CInlineAction), Array)
#12 /usr/share/nginx/html/yii/framework/web/CWebApplication.php(282): CController->run('create')
#13 /usr/share/nginx/html/yii/framework/web/CWebApplication.php(141): CWebApplication->runController('comment/create')
#14 /usr/share/nginx/html/yii/framework/base/CApplication.php(180): CWebApplication->processRequest()
#15 /usr/share/nginx/html/blog2/index.php(13): CApplication->run()
#16 {main}
REQUEST_URI=/blog2/index.php?r=comment/create
HTTP_REFERER=http://localhost/blog2/index.php?r=comment/create
---
2014/09/04 12:35:20 [error] [system.db.CDbCommand] CDbCommand::execute() failed: SQLSTATE[HY000]: General error: 1364 Field 'status' doesn't have a default value. The SQL statement executed was: INSERT INTO `tbl_comment` (`content`, `author`, `email`, `create_time`) VALUES (:yp0, :yp1, :yp2, :yp3).
in /usr/share/nginx/html/blog2/protected/controllers/CommentController.php (73)
in /usr/share/nginx/html/blog2/index.php (13)
2014/09/04 12:35:20 [error] [exception.CDbException] exception 'CDbException' with message 'CDbCommand failed to execute the SQL statement: SQLSTATE[HY000]: General error: 1364 Field 'status' doesn't have a default value. The SQL statement executed was: INSERT INTO `tbl_comment` (`content`, `author`, `email`, `create_time`) VALUES (:yp0, :yp1, :yp2, :yp3)' in /usr/share/nginx/html/yii/framework/db/CDbCommand.php:358
Stack trace:
#0 /usr/share/nginx/html/yii/framework/db/ar/CActiveRecord.php(1077): CDbCommand->execute()
#1 /usr/share/nginx/html/yii/framework/db/ar/CActiveRecord.php(806): CActiveRecord->insert(NULL)
#2 /usr/share/nginx/html/blog2/protected/controllers/CommentController.php(73): CActiveRecord->save()
#3 /usr/share/nginx/html/yii/framework/web/actions/CInlineAction.php(49): CommentController->actionCreate()
#4 /usr/share/nginx/html/yii/framework/web/CController.php(308): CInlineAction->runWithParams(Array)
#5 /usr/share/nginx/html/yii/framework/web/filters/CFilterChain.php(133): CController->runAction(Object(CInlineAction))
#6 /usr/share/nginx/html/yii/framework/web/filters/CFilter.php(40): CFilterChain->run()
#7 /usr/share/nginx/html/yii/framework/web/CController.php(1145): CFilter->filter(Object(CFilterChain))
#8 /usr/share/nginx/html/yii/framework/web/filters/CInlineFilter.php(58): CController->filterAccessControl(Object(CFilterChain))
#9 /usr/share/nginx/html/yii/framework/web/filters/CFilterChain.php(130): CInlineFilter->filter(Object(CFilterChain))
#10 /usr/share/nginx/html/yii/framework/web/CController.php(291): CFilterChain->run()
#11 /usr/share/nginx/html/yii/framework/web/CController.php(265): CController->runActionWithFilters(Object(CInlineAction), Array)
#12 /usr/share/nginx/html/yii/framework/web/CWebApplication.php(282): CController->run('create')
#13 /usr/share/nginx/html/yii/framework/web/CWebApplication.php(141): CWebApplication->runController('comment/create')
#14 /usr/share/nginx/html/yii/framework/base/CApplication.php(180): CWebApplication->processRequest()
#15 /usr/share/nginx/html/blog2/index.php(13): CApplication->run()
#16 {main}
REQUEST_URI=/blog2/index.php?r=comment/create
HTTP_REFERER=http://localhost/blog2/index.php?r=comment/create
---
2014/09/04 12:38:34 [error] [system.db.CDbCommand] CDbCommand::execute() failed: SQLSTATE[HY000]: General error: 1364 Field 'status' doesn't have a default value. The SQL statement executed was: INSERT INTO `tbl_comment` (`content`, `author`, `email`, `create_time`) VALUES (:yp0, :yp1, :yp2, :yp3).
in /usr/share/nginx/html/blog2/protected/controllers/CommentController.php (73)
in /usr/share/nginx/html/blog2/index.php (13)
2014/09/04 12:38:34 [error] [exception.CDbException] exception 'CDbException' with message 'CDbCommand failed to execute the SQL statement: SQLSTATE[HY000]: General error: 1364 Field 'status' doesn't have a default value. The SQL statement executed was: INSERT INTO `tbl_comment` (`content`, `author`, `email`, `create_time`) VALUES (:yp0, :yp1, :yp2, :yp3)' in /usr/share/nginx/html/yii/framework/db/CDbCommand.php:358
Stack trace:
#0 /usr/share/nginx/html/yii/framework/db/ar/CActiveRecord.php(1077): CDbCommand->execute()
#1 /usr/share/nginx/html/yii/framework/db/ar/CActiveRecord.php(806): CActiveRecord->insert(NULL)
#2 /usr/share/nginx/html/blog2/protected/controllers/CommentController.php(73): CActiveRecord->save()
#3 /usr/share/nginx/html/yii/framework/web/actions/CInlineAction.php(49): CommentController->actionCreate()
#4 /usr/share/nginx/html/yii/framework/web/CController.php(308): CInlineAction->runWithParams(Array)
#5 /usr/share/nginx/html/yii/framework/web/filters/CFilterChain.php(133): CController->runAction(Object(CInlineAction))
#6 /usr/share/nginx/html/yii/framework/web/filters/CFilter.php(40): CFilterChain->run()
#7 /usr/share/nginx/html/yii/framework/web/CController.php(1145): CFilter->filter(Object(CFilterChain))
#8 /usr/share/nginx/html/yii/framework/web/filters/CInlineFilter.php(58): CController->filterAccessControl(Object(CFilterChain))
#9 /usr/share/nginx/html/yii/framework/web/filters/CFilterChain.php(130): CInlineFilter->filter(Object(CFilterChain))
#10 /usr/share/nginx/html/yii/framework/web/CController.php(291): CFilterChain->run()
#11 /usr/share/nginx/html/yii/framework/web/CController.php(265): CController->runActionWithFilters(Object(CInlineAction), Array)
#12 /usr/share/nginx/html/yii/framework/web/CWebApplication.php(282): CController->run('create')
#13 /usr/share/nginx/html/yii/framework/web/CWebApplication.php(141): CWebApplication->runController('comment/create')
#14 /usr/share/nginx/html/yii/framework/base/CApplication.php(180): CWebApplication->processRequest()
#15 /usr/share/nginx/html/blog2/index.php(13): CApplication->run()
#16 {main}
REQUEST_URI=/blog2/index.php?r=comment/create
HTTP_REFERER=http://localhost/blog2/index.php?r=comment/create
---
2014/09/04 12:38:46 [error] [system.db.CDbCommand] CDbCommand::execute() failed: SQLSTATE[HY000]: General error: 1364 Field 'status' doesn't have a default value. The SQL statement executed was: INSERT INTO `tbl_comment` (`content`, `author`, `email`, `create_time`) VALUES (:yp0, :yp1, :yp2, :yp3).
in /usr/share/nginx/html/blog2/protected/controllers/CommentController.php (73)
in /usr/share/nginx/html/blog2/index.php (13)
2014/09/04 12:38:46 [error] [exception.CDbException] exception 'CDbException' with message 'CDbCommand failed to execute the SQL statement: SQLSTATE[HY000]: General error: 1364 Field 'status' doesn't have a default value. The SQL statement executed was: INSERT INTO `tbl_comment` (`content`, `author`, `email`, `create_time`) VALUES (:yp0, :yp1, :yp2, :yp3)' in /usr/share/nginx/html/yii/framework/db/CDbCommand.php:358
Stack trace:
#0 /usr/share/nginx/html/yii/framework/db/ar/CActiveRecord.php(1077): CDbCommand->execute()
#1 /usr/share/nginx/html/yii/framework/db/ar/CActiveRecord.php(806): CActiveRecord->insert(NULL)
#2 /usr/share/nginx/html/blog2/protected/controllers/CommentController.php(73): CActiveRecord->save()
#3 /usr/share/nginx/html/yii/framework/web/actions/CInlineAction.php(49): CommentController->actionCreate()
#4 /usr/share/nginx/html/yii/framework/web/CController.php(308): CInlineAction->runWithParams(Array)
#5 /usr/share/nginx/html/yii/framework/web/filters/CFilterChain.php(133): CController->runAction(Object(CInlineAction))
#6 /usr/share/nginx/html/yii/framework/web/filters/CFilter.php(40): CFilterChain->run()
#7 /usr/share/nginx/html/yii/framework/web/CController.php(1145): CFilter->filter(Object(CFilterChain))
#8 /usr/share/nginx/html/yii/framework/web/filters/CInlineFilter.php(58): CController->filterAccessControl(Object(CFilterChain))
#9 /usr/share/nginx/html/yii/framework/web/filters/CFilterChain.php(130): CInlineFilter->filter(Object(CFilterChain))
#10 /usr/share/nginx/html/yii/framework/web/CController.php(291): CFilterChain->run()
#11 /usr/share/nginx/html/yii/framework/web/CController.php(265): CController->runActionWithFilters(Object(CInlineAction), Array)
#12 /usr/share/nginx/html/yii/framework/web/CWebApplication.php(282): CController->run('create')
#13 /usr/share/nginx/html/yii/framework/web/CWebApplication.php(141): CWebApplication->runController('comment/create')
#14 /usr/share/nginx/html/yii/framework/base/CApplication.php(180): CWebApplication->processRequest()
#15 /usr/share/nginx/html/blog2/index.php(13): CApplication->run()
#16 {main}
REQUEST_URI=/blog2/index.php?r=comment/create
HTTP_REFERER=http://localhost/blog2/index.php?r=comment/create
---
2014/09/04 12:39:18 [error] [system.db.CDbCommand] CDbCommand::execute() failed: SQLSTATE[HY000]: General error: 1364 Field 'status' doesn't have a default value. The SQL statement executed was: INSERT INTO `tbl_comment` (`content`, `author`, `email`, `create_time`) VALUES (:yp0, :yp1, :yp2, :yp3).
in /usr/share/nginx/html/blog2/protected/controllers/CommentController.php (73)
in /usr/share/nginx/html/blog2/index.php (13)
2014/09/04 12:39:18 [error] [exception.CDbException] exception 'CDbException' with message 'CDbCommand failed to execute the SQL statement: SQLSTATE[HY000]: General error: 1364 Field 'status' doesn't have a default value. The SQL statement executed was: INSERT INTO `tbl_comment` (`content`, `author`, `email`, `create_time`) VALUES (:yp0, :yp1, :yp2, :yp3)' in /usr/share/nginx/html/yii/framework/db/CDbCommand.php:358
Stack trace:
#0 /usr/share/nginx/html/yii/framework/db/ar/CActiveRecord.php(1077): CDbCommand->execute()
#1 /usr/share/nginx/html/yii/framework/db/ar/CActiveRecord.php(806): CActiveRecord->insert(NULL)
#2 /usr/share/nginx/html/blog2/protected/controllers/CommentController.php(73): CActiveRecord->save()
#3 /usr/share/nginx/html/yii/framework/web/actions/CInlineAction.php(49): CommentController->actionCreate()
#4 /usr/share/nginx/html/yii/framework/web/CController.php(308): CInlineAction->runWithParams(Array)
#5 /usr/share/nginx/html/yii/framework/web/filters/CFilterChain.php(133): CController->runAction(Object(CInlineAction))
#6 /usr/share/nginx/html/yii/framework/web/filters/CFilter.php(40): CFilterChain->run()
#7 /usr/share/nginx/html/yii/framework/web/CController.php(1145): CFilter->filter(Object(CFilterChain))
#8 /usr/share/nginx/html/yii/framework/web/filters/CInlineFilter.php(58): CController->filterAccessControl(Object(CFilterChain))
#9 /usr/share/nginx/html/yii/framework/web/filters/CFilterChain.php(130): CInlineFilter->filter(Object(CFilterChain))
#10 /usr/share/nginx/html/yii/framework/web/CController.php(291): CFilterChain->run()
#11 /usr/share/nginx/html/yii/framework/web/CController.php(265): CController->runActionWithFilters(Object(CInlineAction), Array)
#12 /usr/share/nginx/html/yii/framework/web/CWebApplication.php(282): CController->run('create')
#13 /usr/share/nginx/html/yii/framework/web/CWebApplication.php(141): CWebApplication->runController('comment/create')
#14 /usr/share/nginx/html/yii/framework/base/CApplication.php(180): CWebApplication->processRequest()
#15 /usr/share/nginx/html/blog2/index.php(13): CApplication->run()
#16 {main}
REQUEST_URI=/blog2/index.php?r=comment/create
HTTP_REFERER=http://localhost/blog2/index.php?r=comment/create
---
2014/09/04 12:40:10 [error] [system.db.CDbCommand] CDbCommand::execute() failed: SQLSTATE[HY000]: General error: 1364 Field 'post_id' doesn't have a default value. The SQL statement executed was: INSERT INTO `tbl_comment` (`content`, `author`, `email`, `status`, `create_time`) VALUES (:yp0, :yp1, :yp2, :yp3, :yp4).
in /usr/share/nginx/html/blog2/protected/controllers/CommentController.php (74)
in /usr/share/nginx/html/blog2/index.php (13)
2014/09/04 12:40:10 [error] [exception.CDbException] exception 'CDbException' with message 'CDbCommand failed to execute the SQL statement: SQLSTATE[HY000]: General error: 1364 Field 'post_id' doesn't have a default value. The SQL statement executed was: INSERT INTO `tbl_comment` (`content`, `author`, `email`, `status`, `create_time`) VALUES (:yp0, :yp1, :yp2, :yp3, :yp4)' in /usr/share/nginx/html/yii/framework/db/CDbCommand.php:358
Stack trace:
#0 /usr/share/nginx/html/yii/framework/db/ar/CActiveRecord.php(1077): CDbCommand->execute()
#1 /usr/share/nginx/html/yii/framework/db/ar/CActiveRecord.php(806): CActiveRecord->insert(NULL)
#2 /usr/share/nginx/html/blog2/protected/controllers/CommentController.php(74): CActiveRecord->save()
#3 /usr/share/nginx/html/yii/framework/web/actions/CInlineAction.php(49): CommentController->actionCreate()
#4 /usr/share/nginx/html/yii/framework/web/CController.php(308): CInlineAction->runWithParams(Array)
#5 /usr/share/nginx/html/yii/framework/web/filters/CFilterChain.php(133): CController->runAction(Object(CInlineAction))
#6 /usr/share/nginx/html/yii/framework/web/filters/CFilter.php(40): CFilterChain->run()
#7 /usr/share/nginx/html/yii/framework/web/CController.php(1145): CFilter->filter(Object(CFilterChain))
#8 /usr/share/nginx/html/yii/framework/web/filters/CInlineFilter.php(58): CController->filterAccessControl(Object(CFilterChain))
#9 /usr/share/nginx/html/yii/framework/web/filters/CFilterChain.php(130): CInlineFilter->filter(Object(CFilterChain))
#10 /usr/share/nginx/html/yii/framework/web/CController.php(291): CFilterChain->run()
#11 /usr/share/nginx/html/yii/framework/web/CController.php(265): CController->runActionWithFilters(Object(CInlineAction), Array)
#12 /usr/share/nginx/html/yii/framework/web/CWebApplication.php(282): CController->run('create')
#13 /usr/share/nginx/html/yii/framework/web/CWebApplication.php(141): CWebApplication->runController('comment/create')
#14 /usr/share/nginx/html/yii/framework/base/CApplication.php(180): CWebApplication->processRequest()
#15 /usr/share/nginx/html/blog2/index.php(13): CApplication->run()
#16 {main}
REQUEST_URI=/blog2/index.php?r=comment/create
HTTP_REFERER=http://localhost/blog2/index.php?r=comment/create
---
2014/09/04 12:41:07 [error] [exception.CException] exception 'CException' with message 'PostController cannot find the requested view "_comments".' in /usr/share/nginx/html/yii/framework/web/CController.php:878
Stack trace:
#0 /usr/share/nginx/html/blog2/protected/views/post/view.php(44): CController->renderPartial('_comments', Array)
#1 /usr/share/nginx/html/yii/framework/web/CBaseController.php(126): require('/usr/share/ngin...')
#2 /usr/share/nginx/html/yii/framework/web/CBaseController.php(95): CBaseController->renderInternal('/usr/share/ngin...', Array, true)
#3 /usr/share/nginx/html/yii/framework/web/CController.php(869): CBaseController->renderFile('/usr/share/ngin...', Array, true)
#4 /usr/share/nginx/html/yii/framework/web/CController.php(782): CController->renderPartial('view', Array, true)
#5 /usr/share/nginx/html/blog2/protected/controllers/PostController.php(57): CController->render('view', Array)
#6 /usr/share/nginx/html/yii/framework/web/actions/CInlineAction.php(49): PostController->actionView()
#7 /usr/share/nginx/html/yii/framework/web/CController.php(308): CInlineAction->runWithParams(Array)
#8 /usr/share/nginx/html/yii/framework/web/filters/CFilterChain.php(133): CController->runAction(Object(CInlineAction))
#9 /usr/share/nginx/html/yii/framework/web/filters/CFilter.php(40): CFilterChain->run()
#10 /usr/share/nginx/html/yii/framework/web/CController.php(1145): CFilter->filter(Object(CFilterChain))
#11 /usr/share/nginx/html/yii/framework/web/filters/CInlineFilter.php(58): CController->filterAccessControl(Object(CFilterChain))
#12 /usr/share/nginx/html/yii/framework/web/filters/CFilterChain.php(130): CInlineFilter->filter(Object(CFilterChain))
#13 /usr/share/nginx/html/yii/framework/web/CController.php(291): CFilterChain->run()
#14 /usr/share/nginx/html/yii/framework/web/CController.php(265): CController->runActionWithFilters(Object(CInlineAction), Array)
#15 /usr/share/nginx/html/yii/framework/web/CWebApplication.php(282): CController->run('view')
#16 /usr/share/nginx/html/yii/framework/web/CWebApplication.php(141): CWebApplication->runController('post/view')
#17 /usr/share/nginx/html/yii/framework/base/CApplication.php(180): CWebApplication->processRequest()
#18 /usr/share/nginx/html/blog2/index.php(13): CApplication->run()
#19 {main}
REQUEST_URI=/blog2/index.php?r=post/view&id=7
HTTP_REFERER=http://localhost/blog2/index.php?r=post/index
---
2014/09/04 12:41:44 [error] [exception.CException] exception 'CException' with message 'Property "CommentController._model" is not defined.' in /usr/share/nginx/html/yii/framework/base/CComponent.php:130
Stack trace:
#0 /usr/share/nginx/html/blog2/protected/controllers/CommentController.php(165): CComponent->__get('_model')
#1 /usr/share/nginx/html/blog2/protected/controllers/CommentController.php(55): CommentController->loadModel('2')
#2 [internal function]: CommentController->actionView('2')
#3 /usr/share/nginx/html/yii/framework/web/actions/CAction.php(108): ReflectionMethod->invokeArgs(Object(CommentController), Array)
#4 /usr/share/nginx/html/yii/framework/web/actions/CInlineAction.php(47): CAction->runWithParamsInternal(Object(CommentController), Object(ReflectionMethod), Array)
#5 /usr/share/nginx/html/yii/framework/web/CController.php(308): CInlineAction->runWithParams(Array)
#6 /usr/share/nginx/html/yii/framework/web/filters/CFilterChain.php(133): CController->runAction(Object(CInlineAction))
#7 /usr/share/nginx/html/yii/framework/web/filters/CFilter.php(40): CFilterChain->run()
#8 /usr/share/nginx/html/yii/framework/web/CController.php(1145): CFilter->filter(Object(CFilterChain))
#9 /usr/share/nginx/html/yii/framework/web/filters/CInlineFilter.php(58): CController->filterAccessControl(Object(CFilterChain))
#10 /usr/share/nginx/html/yii/framework/web/filters/CFilterChain.php(130): CInlineFilter->filter(Object(CFilterChain))
#11 /usr/share/nginx/html/yii/framework/web/CController.php(291): CFilterChain->run()
#12 /usr/share/nginx/html/yii/framework/web/CController.php(265): CController->runActionWithFilters(Object(CInlineAction), Array)
#13 /usr/share/nginx/html/yii/framework/web/CWebApplication.php(282): CController->run('view')
#14 /usr/share/nginx/html/yii/framework/web/CWebApplication.php(141): CWebApplication->runController('comment/view')
#15 /usr/share/nginx/html/yii/framework/base/CApplication.php(180): CWebApplication->processRequest()
#16 /usr/share/nginx/html/blog2/index.php(13): CApplication->run()
#17 {main}
REQUEST_URI=/blog2/index.php?r=comment/view&id=2
HTTP_REFERER=http://localhost/blog2/index.php?r=comment/index
---
2014/09/04 12:42:41 [error] [exception.CException] exception 'CException' with message 'PostController cannot find the requested view "_comments".' in /usr/share/nginx/html/yii/framework/web/CController.php:878
Stack trace:
#0 /usr/share/nginx/html/blog2/protected/views/post/view.php(44): CController->renderPartial('_comments', Array)
#1 /usr/share/nginx/html/yii/framework/web/CBaseController.php(126): require('/usr/share/ngin...')
#2 /usr/share/nginx/html/yii/framework/web/CBaseController.php(95): CBaseController->renderInternal('/usr/share/ngin...', Array, true)
#3 /usr/share/nginx/html/yii/framework/web/CController.php(869): CBaseController->renderFile('/usr/share/ngin...', Array, true)
#4 /usr/share/nginx/html/yii/framework/web/CController.php(782): CController->renderPartial('view', Array, true)
#5 /usr/share/nginx/html/blog2/protected/controllers/PostController.php(57): CController->render('view', Array)
#6 /usr/share/nginx/html/yii/framework/web/actions/CInlineAction.php(49): PostController->actionView()
#7 /usr/share/nginx/html/yii/framework/web/CController.php(308): CInlineAction->runWithParams(Array)
#8 /usr/share/nginx/html/yii/framework/web/filters/CFilterChain.php(133): CController->runAction(Object(CInlineAction))
#9 /usr/share/nginx/html/yii/framework/web/filters/CFilter.php(40): CFilterChain->run()
#10 /usr/share/nginx/html/yii/framework/web/CController.php(1145): CFilter->filter(Object(CFilterChain))
#11 /usr/share/nginx/html/yii/framework/web/filters/CInlineFilter.php(58): CController->filterAccessControl(Object(CFilterChain))
#12 /usr/share/nginx/html/yii/framework/web/filters/CFilterChain.php(130): CInlineFilter->filter(Object(CFilterChain))
#13 /usr/share/nginx/html/yii/framework/web/CController.php(291): CFilterChain->run()
#14 /usr/share/nginx/html/yii/framework/web/CController.php(265): CController->runActionWithFilters(Object(CInlineAction), Array)
#15 /usr/share/nginx/html/yii/framework/web/CWebApplication.php(282): CController->run('view')
#16 /usr/share/nginx/html/yii/framework/web/CWebApplication.php(141): CWebApplication->runController('post/view')
#17 /usr/share/nginx/html/yii/framework/base/CApplication.php(180): CWebApplication->processRequest()
#18 /usr/share/nginx/html/blog2/index.php(13): CApplication->run()
#19 {main}
REQUEST_URI=/blog2/index.php?r=post/view&id=3
HTTP_REFERER=http://localhost/blog2/index.php?r=post/view&id=3
---
2014/09/04 12:42:50 [error] [exception.CException] exception 'CException' with message 'PostController cannot find the requested view "_comments".' in /usr/share/nginx/html/yii/framework/web/CController.php:878
Stack trace:
#0 /usr/share/nginx/html/blog2/protected/views/post/view.php(44): CController->renderPartial('_comments', Array)
#1 /usr/share/nginx/html/yii/framework/web/CBaseController.php(126): require('/usr/share/ngin...')
#2 /usr/share/nginx/html/yii/framework/web/CBaseController.php(95): CBaseController->renderInternal('/usr/share/ngin...', Array, true)
#3 /usr/share/nginx/html/yii/framework/web/CController.php(869): CBaseController->renderFile('/usr/share/ngin...', Array, true)
#4 /usr/share/nginx/html/yii/framework/web/CController.php(782): CController->renderPartial('view', Array, true)
#5 /usr/share/nginx/html/blog2/protected/controllers/PostController.php(57): CController->render('view', Array)
#6 /usr/share/nginx/html/yii/framework/web/actions/CInlineAction.php(49): PostController->actionView()
#7 /usr/share/nginx/html/yii/framework/web/CController.php(308): CInlineAction->runWithParams(Array)
#8 /usr/share/nginx/html/yii/framework/web/filters/CFilterChain.php(133): CController->runAction(Object(CInlineAction))
#9 /usr/share/nginx/html/yii/framework/web/filters/CFilter.php(40): CFilterChain->run()
#10 /usr/share/nginx/html/yii/framework/web/CController.php(1145): CFilter->filter(Object(CFilterChain))
#11 /usr/share/nginx/html/yii/framework/web/filters/CInlineFilter.php(58): CController->filterAccessControl(Object(CFilterChain))
#12 /usr/share/nginx/html/yii/framework/web/filters/CFilterChain.php(130): CInlineFilter->filter(Object(CFilterChain))
#13 /usr/share/nginx/html/yii/framework/web/CController.php(291): CFilterChain->run()
#14 /usr/share/nginx/html/yii/framework/web/CController.php(265): CController->runActionWithFilters(Object(CInlineAction), Array)
#15 /usr/share/nginx/html/yii/framework/web/CWebApplication.php(282): CController->run('view')
#16 /usr/share/nginx/html/yii/framework/web/CWebApplication.php(141): CWebApplication->runController('post/view')
#17 /usr/share/nginx/html/yii/framework/base/CApplication.php(180): CWebApplication->processRequest()
#18 /usr/share/nginx/html/blog2/index.php(13): CApplication->run()
#19 {main}
REQUEST_URI=/blog2/index.php?r=post/view&id=3
---
2014/09/04 12:46:50 [error] [exception.CException] exception 'CException' with message 'PostController cannot find the requested view "_comments".' in /usr/share/nginx/html/yii/framework/web/CController.php:878
Stack trace:
#0 /usr/share/nginx/html/blog2/protected/views/post/view.php(44): CController->renderPartial('_comments', Array)
#1 /usr/share/nginx/html/yii/framework/web/CBaseController.php(126): require('/usr/share/ngin...')
#2 /usr/share/nginx/html/yii/framework/web/CBaseController.php(95): CBaseController->renderInternal('/usr/share/ngin...', Array, true)
#3 /usr/share/nginx/html/yii/framework/web/CController.php(869): CBaseController->renderFile('/usr/share/ngin...', Array, true)
#4 /usr/share/nginx/html/yii/framework/web/CController.php(782): CController->renderPartial('view', Array, true)
#5 /usr/share/nginx/html/blog2/protected/controllers/PostController.php(57): CController->render('view', Array)
#6 /usr/share/nginx/html/yii/framework/web/actions/CInlineAction.php(49): PostController->actionView()
#7 /usr/share/nginx/html/yii/framework/web/CController.php(308): CInlineAction->runWithParams(Array)
#8 /usr/share/nginx/html/yii/framework/web/filters/CFilterChain.php(133): CController->runAction(Object(CInlineAction))
#9 /usr/share/nginx/html/yii/framework/web/filters/CFilter.php(40): CFilterChain->run()
#10 /usr/share/nginx/html/yii/framework/web/CController.php(1145): CFilter->filter(Object(CFilterChain))
#11 /usr/share/nginx/html/yii/framework/web/filters/CInlineFilter.php(58): CController->filterAccessControl(Object(CFilterChain))
#12 /usr/share/nginx/html/yii/framework/web/filters/CFilterChain.php(130): CInlineFilter->filter(Object(CFilterChain))
#13 /usr/share/nginx/html/yii/framework/web/CController.php(291): CFilterChain->run()
#14 /usr/share/nginx/html/yii/framework/web/CController.php(265): CController->runActionWithFilters(Object(CInlineAction), Array)
#15 /usr/share/nginx/html/yii/framework/web/CWebApplication.php(282): CController->run('view')
#16 /usr/share/nginx/html/yii/framework/web/CWebApplication.php(141): CWebApplication->runController('post/view')
#17 /usr/share/nginx/html/yii/framework/base/CApplication.php(180): CWebApplication->processRequest()
#18 /usr/share/nginx/html/blog2/index.php(13): CApplication->run()
#19 {main}
REQUEST_URI=/blog2/index.php?r=post/view&id=4
HTTP_REFERER=http://localhost/blog2/index.php?r=post/view&id=4
---
2014/09/04 12:52:36 [error] [exception.CException] exception 'CException' with message 'Comment and its behaviors do not have a method or closure named "getUrl".' in /usr/share/nginx/html/yii/framework/base/CComponent.php:266
Stack trace:
#0 /usr/share/nginx/html/yii/framework/db/ar/CActiveRecord.php(227): CComponent->__call('getUrl', Array)
#1 /usr/share/nginx/html/blog2/protected/views/post/_comments.php(4): CActiveRecord->__call('getUrl', Array)
#2 /usr/share/nginx/html/blog2/protected/views/post/_comments.php(4): Comment->getUrl(Object(Post))
#3 /usr/share/nginx/html/yii/framework/web/CBaseController.php(126): require('/usr/share/ngin...')
#4 /usr/share/nginx/html/yii/framework/web/CBaseController.php(95): CBaseController->renderInternal('/usr/share/ngin...', Array, true)
#5 /usr/share/nginx/html/yii/framework/web/CController.php(869): CBaseController->renderFile('/usr/share/ngin...', Array, true)
#6 /usr/share/nginx/html/blog2/protected/views/post/view.php(44): CController->renderPartial('_comments', Array)
#7 /usr/share/nginx/html/yii/framework/web/CBaseController.php(126): require('/usr/share/ngin...')
#8 /usr/share/nginx/html/yii/framework/web/CBaseController.php(95): CBaseController->renderInternal('/usr/share/ngin...', Array, true)
#9 /usr/share/nginx/html/yii/framework/web/CController.php(869): CBaseController->renderFile('/usr/share/ngin...', Array, true)
#10 /usr/share/nginx/html/yii/framework/web/CController.php(782): CController->renderPartial('view', Array, true)
#11 /usr/share/nginx/html/blog2/protected/controllers/PostController.php(57): CController->render('view', Array)
#12 /usr/share/nginx/html/yii/framework/web/actions/CInlineAction.php(49): PostController->actionView()
#13 /usr/share/nginx/html/yii/framework/web/CController.php(308): CInlineAction->runWithParams(Array)
#14 /usr/share/nginx/html/yii/framework/web/filters/CFilterChain.php(133): CController->runAction(Object(CInlineAction))
#15 /usr/share/nginx/html/yii/framework/web/filters/CFilter.php(40): CFilterChain->run()
#16 /usr/share/nginx/html/yii/framework/web/CController.php(1145): CFilter->filter(Object(CFilterChain))
#17 /usr/share/nginx/html/yii/framework/web/filters/CInlineFilter.php(58): CController->filterAccessControl(Object(CFilterChain))
#18 /usr/share/nginx/html/yii/framework/web/filters/CFilterChain.php(130): CInlineFilter->filter(Object(CFilterChain))
#19 /usr/share/nginx/html/yii/framework/web/CController.php(291): CFilterChain->run()
#20 /usr/share/nginx/html/yii/framework/web/CController.php(265): CController->runActionWithFilters(Object(CInlineAction), Array)
#21 /usr/share/nginx/html/yii/framework/web/CWebApplication.php(282): CController->run('view')
#22 /usr/share/nginx/html/yii/framework/web/CWebApplication.php(141): CWebApplication->runController('post/view')
#23 /usr/share/nginx/html/yii/framework/base/CApplication.php(180): CWebApplication->processRequest()
#24 /usr/share/nginx/html/blog2/index.php(13): CApplication->run()
#25 {main}
REQUEST_URI=/blog2/index.php?r=post/view&id=4
HTTP_REFERER=http://localhost/blog2/index.php?r=post/view&id=4
---
2014/09/04 13:00:06 [error] [exception.CException] exception 'CException' with message 'Property "Comment.authorLink" is not defined.' in /usr/share/nginx/html/yii/framework/base/CComponent.php:130
Stack trace:
#0 /usr/share/nginx/html/yii/framework/db/ar/CActiveRecord.php(145): CComponent->__get('authorLink')
#1 /usr/share/nginx/html/blog2/protected/views/post/_comments.php(10): CActiveRecord->__get('authorLink')
#2 /usr/share/nginx/html/yii/framework/web/CBaseController.php(126): require('/usr/share/ngin...')
#3 /usr/share/nginx/html/yii/framework/web/CBaseController.php(95): CBaseController->renderInternal('/usr/share/ngin...', Array, true)
#4 /usr/share/nginx/html/yii/framework/web/CController.php(869): CBaseController->renderFile('/usr/share/ngin...', Array, true)
#5 /usr/share/nginx/html/blog2/protected/views/post/view.php(44): CController->renderPartial('_comments', Array)
#6 /usr/share/nginx/html/yii/framework/web/CBaseController.php(126): require('/usr/share/ngin...')
#7 /usr/share/nginx/html/yii/framework/web/CBaseController.php(95): CBaseController->renderInternal('/usr/share/ngin...', Array, true)
#8 /usr/share/nginx/html/yii/framework/web/CController.php(869): CBaseController->renderFile('/usr/share/ngin...', Array, true)
#9 /usr/share/nginx/html/yii/framework/web/CController.php(782): CController->renderPartial('view', Array, true)
#10 /usr/share/nginx/html/blog2/protected/controllers/PostController.php(57): CController->render('view', Array)
#11 /usr/share/nginx/html/yii/framework/web/actions/CInlineAction.php(49): PostController->actionView()
#12 /usr/share/nginx/html/yii/framework/web/CController.php(308): CInlineAction->runWithParams(Array)
#13 /usr/share/nginx/html/yii/framework/web/filters/CFilterChain.php(133): CController->runAction(Object(CInlineAction))
#14 /usr/share/nginx/html/yii/framework/web/filters/CFilter.php(40): CFilterChain->run()
#15 /usr/share/nginx/html/yii/framework/web/CController.php(1145): CFilter->filter(Object(CFilterChain))
#16 /usr/share/nginx/html/yii/framework/web/filters/CInlineFilter.php(58): CController->filterAccessControl(Object(CFilterChain))
#17 /usr/share/nginx/html/yii/framework/web/filters/CFilterChain.php(130): CInlineFilter->filter(Object(CFilterChain))
#18 /usr/share/nginx/html/yii/framework/web/CController.php(291): CFilterChain->run()
#19 /usr/share/nginx/html/yii/framework/web/CController.php(265): CController->runActionWithFilters(Object(CInlineAction), Array)
#20 /usr/share/nginx/html/yii/framework/web/CWebApplication.php(282): CController->run('view')
#21 /usr/share/nginx/html/yii/framework/web/CWebApplication.php(141): CWebApplication->runController('post/view')
#22 /usr/share/nginx/html/yii/framework/base/CApplication.php(180): CWebApplication->processRequest()
#23 /usr/share/nginx/html/blog2/index.php(13): CApplication->run()
#24 {main}
REQUEST_URI=/blog2/index.php?r=post/view&id=4
HTTP_REFERER=http://localhost/blog2/index.php?r=post/view&id=4
---
2014/09/04 13:12:42 [error] [system.db.CDbCommand] CDbCommand::execute() failed: SQLSTATE[HY000]: General error: 1364 Field 'post_id' doesn't have a default value. The SQL statement executed was: INSERT INTO `tbl_comment` (`content`, `author`, `email`, `status`, `create_time`) VALUES (:yp0, :yp1, :yp2, :yp3, :yp4).
in /usr/share/nginx/html/blog2/protected/controllers/CommentController.php (74)
in /usr/share/nginx/html/blog2/index.php (13)
2014/09/04 13:12:42 [error] [exception.CDbException] exception 'CDbException' with message 'CDbCommand failed to execute the SQL statement: SQLSTATE[HY000]: General error: 1364 Field 'post_id' doesn't have a default value. The SQL statement executed was: INSERT INTO `tbl_comment` (`content`, `author`, `email`, `status`, `create_time`) VALUES (:yp0, :yp1, :yp2, :yp3, :yp4)' in /usr/share/nginx/html/yii/framework/db/CDbCommand.php:358
Stack trace:
#0 /usr/share/nginx/html/yii/framework/db/ar/CActiveRecord.php(1077): CDbCommand->execute()
#1 /usr/share/nginx/html/yii/framework/db/ar/CActiveRecord.php(806): CActiveRecord->insert(NULL)
#2 /usr/share/nginx/html/blog2/protected/controllers/CommentController.php(74): CActiveRecord->save()
#3 /usr/share/nginx/html/yii/framework/web/actions/CInlineAction.php(49): CommentController->actionCreate()
#4 /usr/share/nginx/html/yii/framework/web/CController.php(308): CInlineAction->runWithParams(Array)
#5 /usr/share/nginx/html/yii/framework/web/filters/CFilterChain.php(133): CController->runAction(Object(CInlineAction))
#6 /usr/share/nginx/html/yii/framework/web/filters/CFilter.php(40): CFilterChain->run()
#7 /usr/share/nginx/html/yii/framework/web/CController.php(1145): CFilter->filter(Object(CFilterChain))
#8 /usr/share/nginx/html/yii/framework/web/filters/CInlineFilter.php(58): CController->filterAccessControl(Object(CFilterChain))
#9 /usr/share/nginx/html/yii/framework/web/filters/CFilterChain.php(130): CInlineFilter->filter(Object(CFilterChain))
#10 /usr/share/nginx/html/yii/framework/web/CController.php(291): CFilterChain->run()
#11 /usr/share/nginx/html/yii/framework/web/CController.php(265): CController->runActionWithFilters(Object(CInlineAction), Array)
#12 /usr/share/nginx/html/yii/framework/web/CWebApplication.php(282): CController->run('create')
#13 /usr/share/nginx/html/yii/framework/web/CWebApplication.php(141): CWebApplication->runController('comment/create')
#14 /usr/share/nginx/html/yii/framework/base/CApplication.php(180): CWebApplication->processRequest()
#15 /usr/share/nginx/html/blog2/index.php(13): CApplication->run()
#16 {main}
REQUEST_URI=/blog2/index.php?r=comment/create
HTTP_REFERER=http://localhost/blog2/index.php?r=comment/create
---
2014/09/04 13:14:31 [error] [exception.CHttpException.403] exception 'CHttpException' with message 'You are not authorized to perform this action.' in /usr/share/nginx/html/yii/framework/web/auth/CAccessControlFilter.php:182
Stack trace:
#0 /usr/share/nginx/html/yii/framework/web/auth/CAccessControlFilter.php(145): CAccessControlFilter->accessDenied(Object(CWebUser), 'You are not aut...')
#1 /usr/share/nginx/html/yii/framework/web/filters/CFilter.php(38): CAccessControlFilter->preFilter(Object(CFilterChain))
#2 /usr/share/nginx/html/yii/framework/web/CController.php(1145): CFilter->filter(Object(CFilterChain))
#3 /usr/share/nginx/html/yii/framework/web/filters/CInlineFilter.php(58): CController->filterAccessControl(Object(CFilterChain))
#4 /usr/share/nginx/html/yii/framework/web/filters/CFilterChain.php(130): CInlineFilter->filter(Object(CFilterChain))
#5 /usr/share/nginx/html/yii/framework/web/CController.php(291): CFilterChain->run()
#6 /usr/share/nginx/html/yii/framework/web/CController.php(265): CController->runActionWithFilters(Object(CInlineAction), Array)
#7 /usr/share/nginx/html/yii/framework/web/CWebApplication.php(282): CController->run('admin')
#8 /usr/share/nginx/html/yii/framework/web/CWebApplication.php(141): CWebApplication->runController('comment/admin')
#9 /usr/share/nginx/html/yii/framework/base/CApplication.php(180): CWebApplication->processRequest()
#10 /usr/share/nginx/html/blog2/index.php(13): CApplication->run()
#11 {main}
REQUEST_URI=/blog2/index.php?r=comment/admin
HTTP_REFERER=http://localhost/blog2/index.php?r=comment/
---
2014/09/04 13:37:49 [error] [exception.CException] exception 'CException' with message 'Property "Comment.pendingCommentCount" is not defined.' in /usr/share/nginx/html/yii/framework/base/CComponent.php:130
Stack trace:
#0 /usr/share/nginx/html/yii/framework/db/ar/CActiveRecord.php(145): CComponent->__get('pendingCommentC...')
#1 /usr/share/nginx/html/blog2/protected/components/views/userMenu.php(5): CActiveRecord->__get('pendingCommentC...')
#2 /usr/share/nginx/html/yii/framework/web/CBaseController.php(130): require('/usr/share/ngin...')
#3 /usr/share/nginx/html/yii/framework/web/CBaseController.php(95): CBaseController->renderInternal('/usr/share/ngin...', NULL, false)
#4 /usr/share/nginx/html/yii/framework/web/widgets/CWidget.php(244): CBaseController->renderFile('/usr/share/ngin...', NULL, false)
#5 /usr/share/nginx/html/blog2/protected/components/UserMenu.php(15): CWidget->render('userMenu')
#6 /usr/share/nginx/html/yii/framework/zii/widgets/CPortlet.php(97): UserMenu->renderContent()
#7 /usr/share/nginx/html/yii/framework/web/CBaseController.php(173): CPortlet->run()
#8 /usr/share/nginx/html/blog2/protected/views/layouts/column2.php(21): CBaseController->widget('UserMenu')
#9 /usr/share/nginx/html/yii/framework/web/CBaseController.php(126): require('/usr/share/ngin...')
#10 /usr/share/nginx/html/yii/framework/web/CBaseController.php(95): CBaseController->renderInternal('/usr/share/ngin...', Array, true)
#11 /usr/share/nginx/html/yii/framework/web/CController.php(784): CBaseController->renderFile('/usr/share/ngin...', Array, true)
#12 /usr/share/nginx/html/blog2/protected/controllers/PostController.php(176): CController->render('index', Array)
#13 /usr/share/nginx/html/yii/framework/web/actions/CInlineAction.php(49): PostController->actionIndex()
#14 /usr/share/nginx/html/yii/framework/web/CController.php(308): CInlineAction->runWithParams(Array)
#15 /usr/share/nginx/html/yii/framework/web/filters/CFilterChain.php(133): CController->runAction(Object(CInlineAction))
#16 /usr/share/nginx/html/yii/framework/web/filters/CFilter.php(40): CFilterChain->run()
#17 /usr/share/nginx/html/yii/framework/web/CController.php(1145): CFilter->filter(Object(CFilterChain))
#18 /usr/share/nginx/html/yii/framework/web/filters/CInlineFilter.php(58): CController->filterAccessControl(Object(CFilterChain))
#19 /usr/share/nginx/html/yii/framework/web/filters/CFilterChain.php(130): CInlineFilter->filter(Object(CFilterChain))
#20 /usr/share/nginx/html/yii/framework/web/CController.php(291): CFilterChain->run()
#21 /usr/share/nginx/html/yii/framework/web/CController.php(265): CController->runActionWithFilters(Object(CInlineAction), Array)
#22 /usr/share/nginx/html/yii/framework/web/CWebApplication.php(282): CController->run('')
#23 /usr/share/nginx/html/yii/framework/web/CWebApplication.php(141): CWebApplication->runController('post/')
#24 /usr/share/nginx/html/yii/framework/base/CApplication.php(180): CWebApplication->processRequest()
#25 /usr/share/nginx/html/blog2/index.php(13): CApplication->run()
#26 {main}
REQUEST_URI=/blog2/index.php?r=post/
---
2014/09/04 13:39:16 [error] [exception.CException] exception 'CException' with message 'Property "CommentController._model" is not defined.' in /usr/share/nginx/html/yii/framework/base/CComponent.php:130
Stack trace:
#0 /usr/share/nginx/html/blog2/protected/controllers/CommentController.php(165): CComponent->__get('_model')
#1 /usr/share/nginx/html/blog2/protected/controllers/CommentController.php(55): CommentController->loadModel('2')
#2 [internal function]: CommentController->actionView('2')
#3 /usr/share/nginx/html/yii/framework/web/actions/CAction.php(108): ReflectionMethod->invokeArgs(Object(CommentController), Array)
#4 /usr/share/nginx/html/yii/framework/web/actions/CInlineAction.php(47): CAction->runWithParamsInternal(Object(CommentController), Object(ReflectionMethod), Array)
#5 /usr/share/nginx/html/yii/framework/web/CController.php(308): CInlineAction->runWithParams(Array)
#6 /usr/share/nginx/html/yii/framework/web/filters/CFilterChain.php(133): CController->runAction(Object(CInlineAction))
#7 /usr/share/nginx/html/yii/framework/web/filters/CFilter.php(40): CFilterChain->run()
#8 /usr/share/nginx/html/yii/framework/web/CController.php(1145): CFilter->filter(Object(CFilterChain))
#9 /usr/share/nginx/html/yii/framework/web/filters/CInlineFilter.php(58): CController->filterAccessControl(Object(CFilterChain))
#10 /usr/share/nginx/html/yii/framework/web/filters/CFilterChain.php(130): CInlineFilter->filter(Object(CFilterChain))
#11 /usr/share/nginx/html/yii/framework/web/CController.php(291): CFilterChain->run()
#12 /usr/share/nginx/html/yii/framework/web/CController.php(265): CController->runActionWithFilters(Object(CInlineAction), Array)
#13 /usr/share/nginx/html/yii/framework/web/CWebApplication.php(282): CController->run('view')
#14 /usr/share/nginx/html/yii/framework/web/CWebApplication.php(141): CWebApplication->runController('comment/view')
#15 /usr/share/nginx/html/yii/framework/base/CApplication.php(180): CWebApplication->processRequest()
#16 /usr/share/nginx/html/blog2/index.php(13): CApplication->run()
#17 {main}
REQUEST_URI=/blog2/index.php?r=comment/view&id=2
HTTP_REFERER=http://localhost/blog2/index.php?r=comment/index
---
2014/09/04 14:30:58 [error] [exception.CException] exception 'CException' with message 'Tag and its behaviors do not have a method or closure named "findTagWeights".' in /usr/share/nginx/html/yii/framework/base/CComponent.php:266
Stack trace:
#0 /usr/share/nginx/html/yii/framework/db/ar/CActiveRecord.php(227): CComponent->__call('findTagWeights', Array)
#1 /usr/share/nginx/html/blog2/protected/components/TagCloud.php(11): CActiveRecord->__call('findTagWeights', Array)
#2 /usr/share/nginx/html/blog2/protected/components/TagCloud.php(11): Tag->findTagWeights(NULL)
#3 /usr/share/nginx/html/yii/framework/zii/widgets/CPortlet.php(97): TagCloud->renderContent()
#4 /usr/share/nginx/html/yii/framework/web/CBaseController.php(173): CPortlet->run()
#5 /usr/share/nginx/html/blog2/protected/views/layouts/column2.php(25): CBaseController->widget('TagCloud', Array)
#6 /usr/share/nginx/html/yii/framework/web/CBaseController.php(126): require('/usr/share/ngin...')
#7 /usr/share/nginx/html/yii/framework/web/CBaseController.php(95): CBaseController->renderInternal('/usr/share/ngin...', Array, true)
#8 /usr/share/nginx/html/yii/framework/web/CController.php(784): CBaseController->renderFile('/usr/share/ngin...', Array, true)
#9 /usr/share/nginx/html/blog2/protected/controllers/PostController.php(176): CController->render('index', Array)
#10 /usr/share/nginx/html/yii/framework/web/actions/CInlineAction.php(49): PostController->actionIndex()
#11 /usr/share/nginx/html/yii/framework/web/CController.php(308): CInlineAction->runWithParams(Array)
#12 /usr/share/nginx/html/yii/framework/web/filters/CFilterChain.php(133): CController->runAction(Object(CInlineAction))
#13 /usr/share/nginx/html/yii/framework/web/filters/CFilter.php(40): CFilterChain->run()
#14 /usr/share/nginx/html/yii/framework/web/CController.php(1145): CFilter->filter(Object(CFilterChain))
#15 /usr/share/nginx/html/yii/framework/web/filters/CInlineFilter.php(58): CController->filterAccessControl(Object(CFilterChain))
#16 /usr/share/nginx/html/yii/framework/web/filters/CFilterChain.php(130): CInlineFilter->filter(Object(CFilterChain))
#17 /usr/share/nginx/html/yii/framework/web/CController.php(291): CFilterChain->run()
#18 /usr/share/nginx/html/yii/framework/web/CController.php(265): CController->runActionWithFilters(Object(CInlineAction), Array)
#19 /usr/share/nginx/html/yii/framework/web/CWebApplication.php(282): CController->run('')
#20 /usr/share/nginx/html/yii/framework/web/CWebApplication.php(141): CWebApplication->runController('post/')
#21 /usr/share/nginx/html/yii/framework/base/CApplication.php(180): CWebApplication->processRequest()
#22 /usr/share/nginx/html/blog2/index.php(13): CApplication->run()
#23 {main}
REQUEST_URI=/blog2/index.php?r=post/
---
2014/09/04 14:32:39 [error] [exception.CHttpException.404] exception 'CHttpException' with message 'Unable to resolve the request "tags".' in /usr/share/nginx/html/yii/framework/web/CWebApplication.php:286
Stack trace:
#0 /usr/share/nginx/html/yii/framework/web/CWebApplication.php(141): CWebApplication->runController('tags')
#1 /usr/share/nginx/html/yii/framework/base/CApplication.php(180): CWebApplication->processRequest()
#2 /usr/share/nginx/html/blog2/index.php(13): CApplication->run()
#3 {main}
REQUEST_URI=/blog2/index.php?r=tags
---
2014/09/04 14:58:13 [error] [exception.CException] exception 'CException' with message 'Property "CommentController._model" is not defined.' in /usr/share/nginx/html/yii/framework/base/CComponent.php:130
Stack trace:
#0 /usr/share/nginx/html/blog2/protected/controllers/CommentController.php(165): CComponent->__get('_model')
#1 /usr/share/nginx/html/blog2/protected/controllers/CommentController.php(55): CommentController->loadModel('2')
#2 [internal function]: CommentController->actionView('2')
#3 /usr/share/nginx/html/yii/framework/web/actions/CAction.php(108): ReflectionMethod->invokeArgs(Object(CommentController), Array)
#4 /usr/share/nginx/html/yii/framework/web/actions/CInlineAction.php(47): CAction->runWithParamsInternal(Object(CommentController), Object(ReflectionMethod), Array)
#5 /usr/share/nginx/html/yii/framework/web/CController.php(308): CInlineAction->runWithParams(Array)
#6 /usr/share/nginx/html/yii/framework/web/filters/CFilterChain.php(133): CController->runAction(Object(CInlineAction))
#7 /usr/share/nginx/html/yii/framework/web/filters/CFilter.php(40): CFilterChain->run()
#8 /usr/share/nginx/html/yii/framework/web/CController.php(1145): CFilter->filter(Object(CFilterChain))
#9 /usr/share/nginx/html/yii/framework/web/filters/CInlineFilter.php(58): CController->filterAccessControl(Object(CFilterChain))
#10 /usr/share/nginx/html/yii/framework/web/filters/CFilterChain.php(130): CInlineFilter->filter(Object(CFilterChain))
#11 /usr/share/nginx/html/yii/framework/web/CController.php(291): CFilterChain->run()
#12 /usr/share/nginx/html/yii/framework/web/CController.php(265): CController->runActionWithFilters(Object(CInlineAction), Array)
#13 /usr/share/nginx/html/yii/framework/web/CWebApplication.php(282): CController->run('view')
#14 /usr/share/nginx/html/yii/framework/web/CWebApplication.php(141): CWebApplication->runController('comment/view')
#15 /usr/share/nginx/html/yii/framework/base/CApplication.php(180): CWebApplication->processRequest()
#16 /usr/share/nginx/html/blog2/index.php(13): CApplication->run()
#17 {main}
REQUEST_URI=/blog2/index.php?r=comment/view&id=2
HTTP_REFERER=http://localhost/blog2/index.php?r=comment/index
---
2014/09/04 14:58:21 [error] [exception.CException] exception 'CException' with message 'Property "CommentController._model" is not defined.' in /usr/share/nginx/html/yii/framework/base/CComponent.php:130
Stack trace:
#0 /usr/share/nginx/html/blog2/protected/controllers/CommentController.php(165): CComponent->__get('_model')
#1 /usr/share/nginx/html/blog2/protected/controllers/CommentController.php(55): CommentController->loadModel('1')
#2 [internal function]: CommentController->actionView('1')
#3 /usr/share/nginx/html/yii/framework/web/actions/CAction.php(108): ReflectionMethod->invokeArgs(Object(CommentController), Array)
#4 /usr/share/nginx/html/yii/framework/web/actions/CInlineAction.php(47): CAction->runWithParamsInternal(Object(CommentController), Object(ReflectionMethod), Array)
#5 /usr/share/nginx/html/yii/framework/web/CController.php(308): CInlineAction->runWithParams(Array)
#6 /usr/share/nginx/html/yii/framework/web/filters/CFilterChain.php(133): CController->runAction(Object(CInlineAction))
#7 /usr/share/nginx/html/yii/framework/web/filters/CFilter.php(40): CFilterChain->run()
#8 /usr/share/nginx/html/yii/framework/web/CController.php(1145): CFilter->filter(Object(CFilterChain))
#9 /usr/share/nginx/html/yii/framework/web/filters/CInlineFilter.php(58): CController->filterAccessControl(Object(CFilterChain))
#10 /usr/share/nginx/html/yii/framework/web/filters/CFilterChain.php(130): CInlineFilter->filter(Object(CFilterChain))
#11 /usr/share/nginx/html/yii/framework/web/CController.php(291): CFilterChain->run()
#12 /usr/share/nginx/html/yii/framework/web/CController.php(265): CController->runActionWithFilters(Object(CInlineAction), Array)
#13 /usr/share/nginx/html/yii/framework/web/CWebApplication.php(282): CController->run('view')
#14 /usr/share/nginx/html/yii/framework/web/CWebApplication.php(141): CWebApplication->runController('comment/view')
#15 /usr/share/nginx/html/yii/framework/base/CApplication.php(180): CWebApplication->processRequest()
#16 /usr/share/nginx/html/blog2/index.php(13): CApplication->run()
#17 {main}
REQUEST_URI=/blog2/index.php?r=comment/view&id=1
HTTP_REFERER=http://localhost/blog2/index.php?r=comment/index
---
